<?xml version="1.0" encoding="UTF-8"?>
<!-- Generated by org.testng.reporters.JUnitReportReporter -->
<testsuite hostname="gnramteke" name="mavenbasics.Maths2" tests="4" failures="0" timestamp="9 Jul 2019 14:15:18 GMT" time="0.004" errors="0">
  <testcase name="division" time="0.000" classname="mavenbasics.Maths2"/>
  <testcase name="multiplication" time="0.004" classname="mavenbasics.Maths2"/>
  <testcase name="subtraction" time="0.000" classname="mavenbasics.Maths2"/>
  <testcase name="sum" time="0.000" classname="mavenbasics.Maths2"/>
</testsuite> <!-- mavenbasics.Maths2 -->
