<?xml version="1.0" encoding="UTF-8"?>
<!-- Generated by org.testng.reporters.JUnitReportReporter -->
<testsuite hostname="gnramteke" name="mavenbasics.Google" tests="1" failures="0" timestamp="11 Jul 2019 06:35:55 GMT" time="6.641" errors="0">
  <testcase name="test" time="6.641" classname="mavenbasics.Google"/>
</testsuite> <!-- mavenbasics.Google -->
